D:\Contrato\.htaccess
D:\Contrato\api\.htaccess
D:\Contrato\api\index.php
D:\Contrato\composer.json
D:\Contrato\controllers\ApiController.php
D:\Contrato\controllers\BeneficiosController.php
D:\Contrato\controllers\CalculoController.php
D:\Contrato\controllers\CargoController.php
D:\Contrato\controllers\CargoCopyController.php
D:\Contrato\controllers\ClienteController.php
D:\Contrato\controllers\ContatoController.php
D:\Contrato\controllers\ContratoController.php
D:\Contrato\controllers\ControllerBase.php
D:\Contrato\controllers\DissidioAnualController.php
D:\Contrato\controllers\DissidioController.php
D:\Contrato\controllers\EscalaController.php
D:\Contrato\controllers\FaturamentoController.php
D:\Contrato\controllers\FuncaoController.php
D:\Contrato\controllers\InsumoController.php
D:\Contrato\controllers\ItensModuloController.php
D:\Contrato\controllers\LocalController.php
D:\Contrato\controllers\ModuloController.php
D:\Contrato\controllers\MovInsumoClienteController.php
D:\Contrato\controllers\MovInsumoContratoController.php
D:\Contrato\controllers\MovInsumoContratoCopyController.php
D:\Contrato\controllers\MovimentoPlaCustoController.php
D:\Contrato\controllers\OthersController.php
D:\Contrato\controllers\PeriodoController.php
D:\Contrato\controllers\PlanilhaCustoContratoController.php
D:\Contrato\controllers\PlanilhaCustoContratoCopyController.php
D:\Contrato\controllers\PlanilhaCustoController.php
D:\Contrato\controllers\PropostaController.php
D:\Contrato\controllers\RelComunicadoInternoController.php
D:\Contrato\controllers\RelContratosController.php
D:\Contrato\controllers\RelCrossEfetivoPrevistoController.php
D:\Contrato\controllers\RelCrossPropostaController.php
D:\Contrato\controllers\RelInsumoPropostaController.php
D:\Contrato\controllers\RelOrcamentoMensalController.php
D:\Contrato\controllers\RelPlanilhaCustoController.php
D:\Contrato\controllers\RelTesteController.php
D:\Contrato\controllers\RelViewContratoVrAtualizadoController.php
D:\Contrato\controllers\RelViewLucroPrejuizoController.php
D:\Contrato\controllers\RelViewRelCargoCustoIndvController.php
D:\Contrato\controllers\RelViewRelInsumosContratosController.php
D:\Contrato\controllers\RelViewUnformePlaCustoController.php
D:\Contrato\controllers\TipoInsumoController.php
D:\Contrato\controllers\TipoIntrajornadaController.php
D:\Contrato\controllers\TipoUniformeController.php
D:\Contrato\controllers\UniformeCargoController.php
D:\Contrato\controllers\UniformeController.php
D:\Contrato\controllers\UserlevelpermissionsController.php
D:\Contrato\controllers\UserlevelsController.php
D:\Contrato\controllers\UsuarioController.php
D:\Contrato\controllers\ViewComunicadoInternoController.php
D:\Contrato\controllers\ViewContratoValorAtualizadoController.php
D:\Contrato\controllers\ViewContratosController.php
D:\Contrato\controllers\ViewCustoSalarioController.php
D:\Contrato\controllers\ViewEfetivoPrevistoController.php
D:\Contrato\controllers\ViewExportPrevistoController.php
D:\Contrato\controllers\ViewInsumoPropostaConsolidadoController.php
D:\Contrato\controllers\ViewInsumoPropostaDetalhadaController.php
D:\Contrato\controllers\ViewLucroPrejuizoContratosController.php
D:\Contrato\controllers\ViewMovPlaCustoModulosController.php
D:\Contrato\controllers\ViewRelCargoCustoIndvController.php
D:\Contrato\controllers\ViewRelInsumosContratosController.php
D:\Contrato\controllers\ViewRelPlanilhaCustoController.php
D:\Contrato\controllers\ViewUniformeCargoConsolidadoController.php
D:\Contrato\controllers\ViewUniformeCargoDetalhadaController.php
D:\Contrato\controllers\ViewUniformeCargoPlaCustoController.php
D:\Contrato\css\contratos.scss
D:\Contrato\css\ewpdf.scss
D:\Contrato\css\query-builder.scss
D:\Contrato\css\tabulator_bootstrap5.scss
D:\Contrato\css\tempus-dominus.scss
D:\Contrato\files\index.html
D:\Contrato\index.php
D:\Contrato\js\eweditor.js
D:\Contrato\js\userevent.js
D:\Contrato\js\userfn.js
D:\Contrato\log\index.html
D:\Contrato\models\Beneficios.php
D:\Contrato\models\BeneficiosAdd.php
D:\Contrato\models\BeneficiosDelete.php
D:\Contrato\models\BeneficiosEdit.php
D:\Contrato\models\BeneficiosGrid.php
D:\Contrato\models\BeneficiosList.php
D:\Contrato\models\BeneficiosPreview.php
D:\Contrato\models\BeneficiosView.php
D:\Contrato\models\Calculo.php
D:\Contrato\models\CalculoAdd.php
D:\Contrato\models\CalculoDelete.php
D:\Contrato\models\CalculoEdit.php
D:\Contrato\models\CalculoList.php
D:\Contrato\models\CalculoView.php
D:\Contrato\models\Cargo.php
D:\Contrato\models\CargoAdd.php
D:\Contrato\models\CargoCopy.php
D:\Contrato\models\CargoCopyAdd.php
D:\Contrato\models\CargoCopyDelete.php
D:\Contrato\models\CargoCopyEdit.php
D:\Contrato\models\CargoCopyList.php
D:\Contrato\models\CargoCopyView.php
D:\Contrato\models\CargoEdit.php
D:\Contrato\models\CargoList.php
D:\Contrato\models\ChangePassword.php
D:\Contrato\models\Cliente.php
D:\Contrato\models\ClienteAdd.php
D:\Contrato\models\ClienteDelete.php
D:\Contrato\models\ClienteEdit.php
D:\Contrato\models\ClienteList.php
D:\Contrato\models\ClienteView.php
D:\Contrato\models\Contato.php
D:\Contrato\models\ContatoAdd.php
D:\Contrato\models\ContatoDelete.php
D:\Contrato\models\ContatoEdit.php
D:\Contrato\models\ContatoGrid.php
D:\Contrato\models\ContatoList.php
D:\Contrato\models\ContatoPreview.php
D:\Contrato\models\ContatoView.php
D:\Contrato\models\Contrato.php
D:\Contrato\models\ContratoAdd.php
D:\Contrato\models\ContratoDelete.php
D:\Contrato\models\ContratoEdit.php
D:\Contrato\models\ContratoList.php
D:\Contrato\models\ContratoView.php
D:\Contrato\models\Dissidio.php
D:\Contrato\models\DissidioAnual.php
D:\Contrato\models\DissidioAnualAdd.php
D:\Contrato\models\DissidioAnualDelete.php
D:\Contrato\models\DissidioAnualEdit.php
D:\Contrato\models\DissidioAnualList.php
D:\Contrato\models\DissidioAnualView.php
D:\Contrato\models\DissidioEdit.php
D:\Contrato\models\DissidioGrid.php
D:\Contrato\models\DissidioList.php
D:\Contrato\models\DissidioPreview.php
D:\Contrato\models\Escala.php
D:\Contrato\models\EscalaEdit.php
D:\Contrato\models\EscalaList.php
D:\Contrato\models\EscalaView.php
D:\Contrato\models\Faturamento.php
D:\Contrato\models\FaturamentoAdd.php
D:\Contrato\models\FaturamentoDelete.php
D:\Contrato\models\FaturamentoEdit.php
D:\Contrato\models\FaturamentoGrid.php
D:\Contrato\models\FaturamentoList.php
D:\Contrato\models\FaturamentoPreview.php
D:\Contrato\models\FaturamentoView.php
D:\Contrato\models\Funcao.php
D:\Contrato\models\FuncaoAdd.php
D:\Contrato\models\FuncaoDelete.php
D:\Contrato\models\FuncaoEdit.php
D:\Contrato\models\FuncaoList.php
D:\Contrato\models\FuncaoView.php
D:\Contrato\models\Insumo.php
D:\Contrato\models\InsumoAdd.php
D:\Contrato\models\InsumoDelete.php
D:\Contrato\models\InsumoEdit.php
D:\Contrato\models\InsumoList.php
D:\Contrato\models\InsumoView.php
D:\Contrato\models\ItensModulo.php
D:\Contrato\models\ItensModuloAdd.php
D:\Contrato\models\ItensModuloDelete.php
D:\Contrato\models\ItensModuloEdit.php
D:\Contrato\models\ItensModuloGrid.php
D:\Contrato\models\ItensModuloList.php
D:\Contrato\models\ItensModuloPreview.php
D:\Contrato\models\ItensModuloView.php
D:\Contrato\models\Local.php
D:\Contrato\models\LocalAdd.php
D:\Contrato\models\LocalDelete.php
D:\Contrato\models\LocalEdit.php
D:\Contrato\models\LocalList.php
D:\Contrato\models\LocalView.php
D:\Contrato\models\Login.php
D:\Contrato\models\Logout.php
D:\Contrato\models\Modulo.php
D:\Contrato\models\ModuloEdit.php
D:\Contrato\models\ModuloList.php
D:\Contrato\models\ModuloView.php
D:\Contrato\models\MovInsumoCliente.php
D:\Contrato\models\MovInsumoClienteAdd.php
D:\Contrato\models\MovInsumoClienteDelete.php
D:\Contrato\models\MovInsumoClienteEdit.php
D:\Contrato\models\MovInsumoClienteGrid.php
D:\Contrato\models\MovInsumoClienteList.php
D:\Contrato\models\MovInsumoClientePreview.php
D:\Contrato\models\MovInsumoClienteView.php
D:\Contrato\models\MovInsumoContrato.php
D:\Contrato\models\MovInsumoContratoAdd.php
D:\Contrato\models\MovInsumoContratoCopy.php
D:\Contrato\models\MovInsumoContratoCopyAdd.php
D:\Contrato\models\MovInsumoContratoCopyDelete.php
D:\Contrato\models\MovInsumoContratoCopyEdit.php
D:\Contrato\models\MovInsumoContratoCopyList.php
D:\Contrato\models\MovInsumoContratoCopyView.php
D:\Contrato\models\MovInsumoContratoDelete.php
D:\Contrato\models\MovInsumoContratoEdit.php
D:\Contrato\models\MovInsumoContratoGrid.php
D:\Contrato\models\MovInsumoContratoList.php
D:\Contrato\models\MovInsumoContratoPreview.php
D:\Contrato\models\MovInsumoContratoView.php
D:\Contrato\models\MovimentoPlaCusto.php
D:\Contrato\models\MovimentoPlaCustoAdd.php
D:\Contrato\models\MovimentoPlaCustoDelete.php
D:\Contrato\models\MovimentoPlaCustoEdit.php
D:\Contrato\models\MovimentoPlaCustoGrid.php
D:\Contrato\models\MovimentoPlaCustoList.php
D:\Contrato\models\MovimentoPlaCustoPreview.php
D:\Contrato\models\MovimentoPlaCustoView.php
D:\Contrato\models\Periodo.php
D:\Contrato\models\PeriodoAdd.php
D:\Contrato\models\PeriodoDelete.php
D:\Contrato\models\PeriodoEdit.php
D:\Contrato\models\PeriodoList.php
D:\Contrato\models\PeriodoView.php
D:\Contrato\models\PersonalData.php
D:\Contrato\models\PlanilhaCusto.php
D:\Contrato\models\PlanilhaCustoAdd.php
D:\Contrato\models\PlanilhaCustoContrato.php
D:\Contrato\models\PlanilhaCustoContratoAdd.php
D:\Contrato\models\PlanilhaCustoContratoCopy.php
D:\Contrato\models\PlanilhaCustoContratoCopyAdd.php
D:\Contrato\models\PlanilhaCustoContratoCopyDelete.php
D:\Contrato\models\PlanilhaCustoContratoCopyEdit.php
D:\Contrato\models\PlanilhaCustoContratoCopyList.php
D:\Contrato\models\PlanilhaCustoContratoCopyView.php
D:\Contrato\models\PlanilhaCustoContratoDelete.php
D:\Contrato\models\PlanilhaCustoContratoEdit.php
D:\Contrato\models\PlanilhaCustoContratoGrid.php
D:\Contrato\models\PlanilhaCustoContratoList.php
D:\Contrato\models\PlanilhaCustoContratoPreview.php
D:\Contrato\models\PlanilhaCustoContratoView.php
D:\Contrato\models\PlanilhaCustoDelete.php
D:\Contrato\models\PlanilhaCustoEdit.php
D:\Contrato\models\PlanilhaCustoGrid.php
D:\Contrato\models\PlanilhaCustoList.php
D:\Contrato\models\PlanilhaCustoPreview.php
D:\Contrato\models\PlanilhaCustoView.php
D:\Contrato\models\Proposta.php
D:\Contrato\models\PropostaAdd.php
D:\Contrato\models\PropostaDelete.php
D:\Contrato\models\PropostaEdit.php
D:\Contrato\models\PropostaList.php
D:\Contrato\models\PropostaView.php
D:\Contrato\models\RelComunicadoInterno.php
D:\Contrato\models\RelComunicadoInternoSummary.php
D:\Contrato\models\RelContratos.php
D:\Contrato\models\RelContratosSummary.php
D:\Contrato\models\RelCrossEfetivoPrevisto.php
D:\Contrato\models\RelCrossEfetivoPrevistoCrosstab.php
D:\Contrato\models\RelCrossProposta.php
D:\Contrato\models\RelCrossPropostaCrosstab.php
D:\Contrato\models\RelInsumoProposta.php
D:\Contrato\models\RelInsumoPropostaSummary.php
D:\Contrato\models\RelOrcamentoMensal.php
D:\Contrato\models\RelOrcamentoMensalSummary.php
D:\Contrato\models\RelPlanilhaCusto.php
D:\Contrato\models\RelPlanilhaCustoSummary.php
D:\Contrato\models\RelTeste.php
D:\Contrato\models\RelTesteSummary.php
D:\Contrato\models\RelViewContratoVrAtualizado.php
D:\Contrato\models\RelViewContratoVrAtualizadoSummary.php
D:\Contrato\models\RelViewLucroPrejuizo.php
D:\Contrato\models\RelViewLucroPrejuizoSummary.php
D:\Contrato\models\RelViewRelCargoCustoIndv.php
D:\Contrato\models\RelViewRelCargoCustoIndvSummary.php
D:\Contrato\models\RelViewRelInsumosContratos.php
D:\Contrato\models\RelViewRelInsumosContratosSummary.php
D:\Contrato\models\RelViewUnformePlaCusto.php
D:\Contrato\models\RelViewUnformePlaCustoSummary.php
D:\Contrato\models\TipoInsumo.php
D:\Contrato\models\TipoInsumoAdd.php
D:\Contrato\models\TipoInsumoDelete.php
D:\Contrato\models\TipoInsumoEdit.php
D:\Contrato\models\TipoInsumoList.php
D:\Contrato\models\TipoInsumoView.php
D:\Contrato\models\TipoIntrajornada.php
D:\Contrato\models\TipoIntrajornadaAdd.php
D:\Contrato\models\TipoIntrajornadaDelete.php
D:\Contrato\models\TipoIntrajornadaEdit.php
D:\Contrato\models\TipoIntrajornadaList.php
D:\Contrato\models\TipoIntrajornadaView.php
D:\Contrato\models\TipoUniforme.php
D:\Contrato\models\TipoUniformeAdd.php
D:\Contrato\models\TipoUniformeDelete.php
D:\Contrato\models\TipoUniformeEdit.php
D:\Contrato\models\TipoUniformeList.php
D:\Contrato\models\TipoUniformeView.php
D:\Contrato\models\Uniforme.php
D:\Contrato\models\UniformeAdd.php
D:\Contrato\models\UniformeCargo.php
D:\Contrato\models\UniformeCargoAdd.php
D:\Contrato\models\UniformeCargoDelete.php
D:\Contrato\models\UniformeCargoEdit.php
D:\Contrato\models\UniformeCargoGrid.php
D:\Contrato\models\UniformeCargoList.php
D:\Contrato\models\UniformeCargoPreview.php
D:\Contrato\models\UniformeCargoView.php
D:\Contrato\models\UniformeEdit.php
D:\Contrato\models\UniformeList.php
D:\Contrato\models\Userlevelpermissions.php
D:\Contrato\models\UserlevelpermissionsAdd.php
D:\Contrato\models\UserlevelpermissionsDelete.php
D:\Contrato\models\UserlevelpermissionsEdit.php
D:\Contrato\models\UserlevelpermissionsList.php
D:\Contrato\models\UserlevelpermissionsView.php
D:\Contrato\models\Userlevels.php
D:\Contrato\models\UserlevelsAdd.php
D:\Contrato\models\UserlevelsDelete.php
D:\Contrato\models\UserlevelsEdit.php
D:\Contrato\models\UserlevelsList.php
D:\Contrato\models\UserlevelsView.php
D:\Contrato\models\Userpriv.php
D:\Contrato\models\Usuario.php
D:\Contrato\models\UsuarioAdd.php
D:\Contrato\models\UsuarioDelete.php
D:\Contrato\models\UsuarioEdit.php
D:\Contrato\models\UsuarioList.php
D:\Contrato\models\UsuarioView.php
D:\Contrato\models\ViewComunicadoInterno.php
D:\Contrato\models\ViewComunicadoInternoList.php
D:\Contrato\models\ViewContratoValorAtualizado.php
D:\Contrato\models\ViewContratoValorAtualizadoList.php
D:\Contrato\models\ViewContratos.php
D:\Contrato\models\ViewContratosList.php
D:\Contrato\models\ViewCustoSalario.php
D:\Contrato\models\ViewCustoSalarioList.php
D:\Contrato\models\ViewEfetivoPrevisto.php
D:\Contrato\models\ViewEfetivoPrevistoList.php
D:\Contrato\models\ViewExportPrevisto.php
D:\Contrato\models\ViewExportPrevistoList.php
D:\Contrato\models\ViewInsumoPropostaConsolidado.php
D:\Contrato\models\ViewInsumoPropostaConsolidadoList.php
D:\Contrato\models\ViewInsumoPropostaDetalhada.php
D:\Contrato\models\ViewInsumoPropostaDetalhadaList.php
D:\Contrato\models\ViewLucroPrejuizoContratos.php
D:\Contrato\models\ViewLucroPrejuizoContratosList.php
D:\Contrato\models\ViewMovPlaCustoModulos.php
D:\Contrato\models\ViewMovPlaCustoModulosList.php
D:\Contrato\models\ViewRelCargoCustoIndv.php
D:\Contrato\models\ViewRelCargoCustoIndvList.php
D:\Contrato\models\ViewRelInsumosContratos.php
D:\Contrato\models\ViewRelInsumosContratosList.php
D:\Contrato\models\ViewRelPlanilhaCusto.php
D:\Contrato\models\ViewRelPlanilhaCustoList.php
D:\Contrato\models\ViewUniformeCargoConsolidado.php
D:\Contrato\models\ViewUniformeCargoConsolidadoList.php
D:\Contrato\models\ViewUniformeCargoDetalhada.php
D:\Contrato\models\ViewUniformeCargoDetalhadaList.php
D:\Contrato\models\ViewUniformeCargoPlaCusto.php
D:\Contrato\models\ViewUniformeCargoPlaCustoList.php
D:\Contrato\package.json
D:\Contrato\src\AbstractController.php
D:\Contrato\src\AbstractEntity.php
D:\Contrato\src\AbstractExport.php
D:\Contrato\src\AbstractExportBase.php
D:\Contrato\src\AbstractTwoFactorAuthentication.php
D:\Contrato\src\AdvancedFilter.php
D:\Contrato\src\AdvancedSearch.php
D:\Contrato\src\AdvancedSecurity.php
D:\Contrato\src\Allow.php
D:\Contrato\src\ApiActionEvent.php
D:\Contrato\src\ApiPermissionMiddleware.php
D:\Contrato\src\Attributes.php
D:\Contrato\src\Attributes\Delete.php
D:\Contrato\src\Attributes\Get.php
D:\Contrato\src\Attributes\Map.php
D:\Contrato\src\Attributes\Options.php
D:\Contrato\src\Attributes\Patch.php
D:\Contrato\src\Attributes\Post.php
D:\Contrato\src\Attributes\Put.php
D:\Contrato\src\AuditTrailHandler.php
D:\Contrato\src\AzureAD.php
D:\Contrato\src\BasicSearch.php
D:\Contrato\src\Breadcrumb.php
D:\Contrato\src\BytesType.php
D:\Contrato\src\CaptchaBase.php
D:\Contrato\src\CaptchaInterface.php
D:\Contrato\src\ChartExporter.php
D:\Contrato\src\ChartJsRenderer.php
D:\Contrato\src\ChartRendererInterface.php
D:\Contrato\src\ChartTypes.php
D:\Contrato\src\ConfigurationEvent.php
D:\Contrato\src\ContainerBuildEvent.php
D:\Contrato\src\CorsMiddleware.php
D:\Contrato\src\CrosstabColumn.php
D:\Contrato\src\CrosstabTable.php
D:\Contrato\src\CustomUploadHandler.php
D:\Contrato\src\DataType.php
D:\Contrato\src\DatabaseConnectedEvent.php
D:\Contrato\src\DatabaseConnectingEvent.php
D:\Contrato\src\DbChart.php
D:\Contrato\src\DbField.php
D:\Contrato\src\DbTable.php
D:\Contrato\src\DbTableBase.php
D:\Contrato\src\DebugSqlLogger.php
D:\Contrato\src\Email.php
D:\Contrato\src\EmailTwoFactorAuthentication.php
D:\Contrato\src\EntityDescriptor.php
D:\Contrato\src\Entity\Beneficio.php
D:\Contrato\src\Entity\Calculo.php
D:\Contrato\src\Entity\Cargo.php
D:\Contrato\src\Entity\CargoCopy.php
D:\Contrato\src\Entity\Cliente.php
D:\Contrato\src\Entity\Contato.php
D:\Contrato\src\Entity\Contrato.php
D:\Contrato\src\Entity\Dissidio.php
D:\Contrato\src\Entity\DissidioAnual.php
D:\Contrato\src\Entity\Escala.php
D:\Contrato\src\Entity\Faturamento.php
D:\Contrato\src\Entity\Funcao.php
D:\Contrato\src\Entity\Insumo.php
D:\Contrato\src\Entity\ItensModulo.php
D:\Contrato\src\Entity\Local.php
D:\Contrato\src\Entity\Modulo.php
D:\Contrato\src\Entity\MovInsumoCliente.php
D:\Contrato\src\Entity\MovInsumoContrato.php
D:\Contrato\src\Entity\MovInsumoContratoCopy.php
D:\Contrato\src\Entity\MovimentoPlaCusto.php
D:\Contrato\src\Entity\Periodo.php
D:\Contrato\src\Entity\PlanilhaCusto.php
D:\Contrato\src\Entity\PlanilhaCustoContrato.php
D:\Contrato\src\Entity\PlanilhaCustoContratoCopy.php
D:\Contrato\src\Entity\Proposta.php
D:\Contrato\src\Entity\TipoInsumo.php
D:\Contrato\src\Entity\TipoIntrajornada.php
D:\Contrato\src\Entity\TipoUniforme.php
D:\Contrato\src\Entity\Uniforme.php
D:\Contrato\src\Entity\UniformeCargo.php
D:\Contrato\src\Entity\Userlevel.php
D:\Contrato\src\Entity\Userlevelpermission.php
D:\Contrato\src\Entity\Usuario.php
D:\Contrato\src\Entity\ViewComunicadoInterno.php
D:\Contrato\src\Entity\ViewContrato.php
D:\Contrato\src\Entity\ViewContratoValorAtualizado.php
D:\Contrato\src\Entity\ViewCustoSalario.php
D:\Contrato\src\Entity\ViewEfetivoPrevisto.php
D:\Contrato\src\Entity\ViewExportPrevisto.php
D:\Contrato\src\Entity\ViewInsumoPropostaConsolidado.php
D:\Contrato\src\Entity\ViewInsumoPropostaDetalhada.php
D:\Contrato\src\Entity\ViewLucroPrejuizoContrato.php
D:\Contrato\src\Entity\ViewMovPlaCustoModulo.php
D:\Contrato\src\Entity\ViewRelCargoCustoIndv.php
D:\Contrato\src\Entity\ViewRelInsumosContrato.php
D:\Contrato\src\Entity\ViewRelPlanilhaCusto.php
D:\Contrato\src\Entity\ViewUniformeCargoConsolidado.php
D:\Contrato\src\Entity\ViewUniformeCargoDetalhada.php
D:\Contrato\src\Entity\ViewUniformeCargoPlaCusto.php
D:\Contrato\src\ExportCsv.php
D:\Contrato\src\ExportEmail.php
D:\Contrato\src\ExportExcel.php
D:\Contrato\src\ExportHandler.php
D:\Contrato\src\ExportHtml.php
D:\Contrato\src\ExportJson.php
D:\Contrato\src\ExportPdf.php
D:\Contrato\src\ExportWord.php
D:\Contrato\src\ExportXml.php
D:\Contrato\src\FileUploadHandler.php
D:\Contrato\src\FileViewer.php
D:\Contrato\src\ForceLogoutUserAction.php
D:\Contrato\src\GeographyType.php
D:\Contrato\src\GeometryType.php
D:\Contrato\src\HierarchyIdType.php
D:\Contrato\src\HttpErrorHandler.php
D:\Contrato\src\HttpForm.php
D:\Contrato\src\HttpServiceUnavailableException.php
D:\Contrato\src\HttpSession.php
D:\Contrato\src\HttpUpload.php
D:\Contrato\src\JwtMiddleware.php
D:\Contrato\src\Language.php
D:\Contrato\src\LanguageLoadEvent.php
D:\Contrato\src\LaravelSessionMiddleware.php
D:\Contrato\src\LdapConn.php
D:\Contrato\src\ListAction.php
D:\Contrato\src\ListActions.php
D:\Contrato\src\ListOption.php
D:\Contrato\src\ListOptions.php
D:\Contrato\src\ListOptionsArray.php
D:\Contrato\src\LoginStatusEvent.php
D:\Contrato\src\Lookup.php
D:\Contrato\src\MaintenanceMiddleware.php
D:\Contrato\src\Menu.php
D:\Contrato\src\MenuItem.php
D:\Contrato\src\MenuItemAddingEvent.php
D:\Contrato\src\MenuRenderedEvent.php
D:\Contrato\src\MenuRenderingEvent.php
D:\Contrato\src\MessagesTrait.php
D:\Contrato\src\NumericPager.php
D:\Contrato\src\OptionValues.php
D:\Contrato\src\PageLoadingEvent.php
D:\Contrato\src\PageRenderingEvent.php
D:\Contrato\src\PageUnloadedEvent.php
D:\Contrato\src\Pager.php
D:\Contrato\src\PagerItem.php
D:\Contrato\src\PasswordHash.php
D:\Contrato\src\PermissionMiddleware.php
D:\Contrato\src\PhpEncryption.php
D:\Contrato\src\PragmaRxTwoFactorAuthentication.php
D:\Contrato\src\PrevNextPager.php
D:\Contrato\src\PushNotification.php
D:\Contrato\src\ReportField.php
D:\Contrato\src\ReportTable.php
D:\Contrato\src\ResendRegisterEmailAction.php
D:\Contrato\src\ResetConcurrentUserAction.php
D:\Contrato\src\ResetLoginRetryAction.php
D:\Contrato\src\ResetUserSecretAction.php
D:\Contrato\src\RouteActionEvent.php
D:\Contrato\src\RouteAttributes.php
D:\Contrato\src\RowSummary.php
D:\Contrato\src\RowTotal.php
D:\Contrato\src\RowType.php
D:\Contrato\src\Saml2.php
D:\Contrato\src\SessionHandler.php
D:\Contrato\src\SetPasswordExpiredAction.php
D:\Contrato\src\Sms.php
D:\Contrato\src\SmsTwoFactorAuthentication.php
D:\Contrato\src\SsoStateSessionStore.php
D:\Contrato\src\SubPage.php
D:\Contrato\src\SubPages.php
D:\Contrato\src\SummaryField.php
D:\Contrato\src\Timer.php
D:\Contrato\src\TwoFactorAuthenticationInterface.php
D:\Contrato\src\UploadHandler.php
D:\Contrato\src\UserProfile.php
D:\Contrato\src\XmlDocument.php
D:\Contrato\src\apiroutes.php
D:\Contrato\src\config.development.php
D:\Contrato\src\config.php
D:\Contrato\src\config.production.php
D:\Contrato\src\constants.php
D:\Contrato\src\definitions.php
D:\Contrato\src\phpfn.php
D:\Contrato\src\routes.php
D:\Contrato\src\userfn.php
D:\Contrato\src\userlevelsettings.php
D:\Contrato\views\BeneficiosAdd.php
D:\Contrato\views\BeneficiosDelete.php
D:\Contrato\views\BeneficiosEdit.php
D:\Contrato\views\BeneficiosGrid.php
D:\Contrato\views\BeneficiosList.php
D:\Contrato\views\BeneficiosPreview.php
D:\Contrato\views\BeneficiosView.php
D:\Contrato\views\CalculoAdd.php
D:\Contrato\views\CalculoDelete.php
D:\Contrato\views\CalculoEdit.php
D:\Contrato\views\CalculoList.php
D:\Contrato\views\CalculoMaster.php
D:\Contrato\views\CalculoView.php
D:\Contrato\views\CargoAdd.php
D:\Contrato\views\CargoCopyAdd.php
D:\Contrato\views\CargoCopyDelete.php
D:\Contrato\views\CargoCopyEdit.php
D:\Contrato\views\CargoCopyList.php
D:\Contrato\views\CargoCopyView.php
D:\Contrato\views\CargoEdit.php
D:\Contrato\views\CargoList.php
D:\Contrato\views\ChangePassword.php
D:\Contrato\views\ClienteAdd.php
D:\Contrato\views\ClienteDelete.php
D:\Contrato\views\ClienteEdit.php
D:\Contrato\views\ClienteList.php
D:\Contrato\views\ClienteMaster.php
D:\Contrato\views\ClienteView.php
D:\Contrato\views\ContatoAdd.php
D:\Contrato\views\ContatoDelete.php
D:\Contrato\views\ContatoEdit.php
D:\Contrato\views\ContatoGrid.php
D:\Contrato\views\ContatoList.php
D:\Contrato\views\ContatoPreview.php
D:\Contrato\views\ContatoView.php
D:\Contrato\views\ContratoAdd.php
D:\Contrato\views\ContratoDelete.php
D:\Contrato\views\ContratoEdit.php
D:\Contrato\views\ContratoList.php
D:\Contrato\views\ContratoMaster.php
D:\Contrato\views\ContratoView.php
D:\Contrato\views\DissidioAnualAdd.php
D:\Contrato\views\DissidioAnualDelete.php
D:\Contrato\views\DissidioAnualEdit.php
D:\Contrato\views\DissidioAnualList.php
D:\Contrato\views\DissidioAnualMaster.php
D:\Contrato\views\DissidioAnualView.php
D:\Contrato\views\DissidioEdit.php
D:\Contrato\views\DissidioGrid.php
D:\Contrato\views\DissidioList.php
D:\Contrato\views\DissidioPreview.php
D:\Contrato\views\Error.php
D:\Contrato\views\EscalaEdit.php
D:\Contrato\views\EscalaList.php
D:\Contrato\views\EscalaView.php
D:\Contrato\views\FaturamentoAdd.php
D:\Contrato\views\FaturamentoDelete.php
D:\Contrato\views\FaturamentoEdit.php
D:\Contrato\views\FaturamentoGrid.php
D:\Contrato\views\FaturamentoList.php
D:\Contrato\views\FaturamentoMaster.php
D:\Contrato\views\FaturamentoPreview.php
D:\Contrato\views\FaturamentoView.php
D:\Contrato\views\FuncaoAdd.php
D:\Contrato\views\FuncaoDelete.php
D:\Contrato\views\FuncaoEdit.php
D:\Contrato\views\FuncaoList.php
D:\Contrato\views\FuncaoView.php
D:\Contrato\views\InsumoAdd.php
D:\Contrato\views\InsumoDelete.php
D:\Contrato\views\InsumoEdit.php
D:\Contrato\views\InsumoList.php
D:\Contrato\views\InsumoView.php
D:\Contrato\views\ItensModuloAdd.php
D:\Contrato\views\ItensModuloDelete.php
D:\Contrato\views\ItensModuloEdit.php
D:\Contrato\views\ItensModuloGrid.php
D:\Contrato\views\ItensModuloList.php
D:\Contrato\views\ItensModuloPreview.php
D:\Contrato\views\ItensModuloView.php
D:\Contrato\views\LocalAdd.php
D:\Contrato\views\LocalDelete.php
D:\Contrato\views\LocalEdit.php
D:\Contrato\views\LocalList.php
D:\Contrato\views\LocalView.php
D:\Contrato\views\Login.php
D:\Contrato\views\ModuloEdit.php
D:\Contrato\views\ModuloList.php
D:\Contrato\views\ModuloMaster.php
D:\Contrato\views\ModuloView.php
D:\Contrato\views\MovInsumoClienteAdd.php
D:\Contrato\views\MovInsumoClienteDelete.php
D:\Contrato\views\MovInsumoClienteEdit.php
D:\Contrato\views\MovInsumoClienteGrid.php
D:\Contrato\views\MovInsumoClienteList.php
D:\Contrato\views\MovInsumoClientePreview.php
D:\Contrato\views\MovInsumoClienteView.php
D:\Contrato\views\MovInsumoContratoAdd.php
D:\Contrato\views\MovInsumoContratoCopyAdd.php
D:\Contrato\views\MovInsumoContratoCopyDelete.php
D:\Contrato\views\MovInsumoContratoCopyEdit.php
D:\Contrato\views\MovInsumoContratoCopyList.php
D:\Contrato\views\MovInsumoContratoCopyView.php
D:\Contrato\views\MovInsumoContratoDelete.php
D:\Contrato\views\MovInsumoContratoEdit.php
D:\Contrato\views\MovInsumoContratoGrid.php
D:\Contrato\views\MovInsumoContratoList.php
D:\Contrato\views\MovInsumoContratoPreview.php
D:\Contrato\views\MovInsumoContratoView.php
D:\Contrato\views\MovimentoPlaCustoAdd.php
D:\Contrato\views\MovimentoPlaCustoDelete.php
D:\Contrato\views\MovimentoPlaCustoEdit.php
D:\Contrato\views\MovimentoPlaCustoGrid.php
D:\Contrato\views\MovimentoPlaCustoList.php
D:\Contrato\views\MovimentoPlaCustoPreview.php
D:\Contrato\views\MovimentoPlaCustoView.php
D:\Contrato\views\PeriodoAdd.php
D:\Contrato\views\PeriodoDelete.php
D:\Contrato\views\PeriodoEdit.php
D:\Contrato\views\PeriodoList.php
D:\Contrato\views\PeriodoView.php
D:\Contrato\views\PersonalData.php
D:\Contrato\views\PlanilhaCustoAdd.php
D:\Contrato\views\PlanilhaCustoContratoAdd.php
D:\Contrato\views\PlanilhaCustoContratoCopyAdd.php
D:\Contrato\views\PlanilhaCustoContratoCopyDelete.php
D:\Contrato\views\PlanilhaCustoContratoCopyEdit.php
D:\Contrato\views\PlanilhaCustoContratoCopyList.php
D:\Contrato\views\PlanilhaCustoContratoCopyView.php
D:\Contrato\views\PlanilhaCustoContratoDelete.php
D:\Contrato\views\PlanilhaCustoContratoEdit.php
D:\Contrato\views\PlanilhaCustoContratoGrid.php
D:\Contrato\views\PlanilhaCustoContratoList.php
D:\Contrato\views\PlanilhaCustoContratoPreview.php
D:\Contrato\views\PlanilhaCustoContratoView.php
D:\Contrato\views\PlanilhaCustoDelete.php
D:\Contrato\views\PlanilhaCustoEdit.php
D:\Contrato\views\PlanilhaCustoGrid.php
D:\Contrato\views\PlanilhaCustoList.php
D:\Contrato\views\PlanilhaCustoMaster.php
D:\Contrato\views\PlanilhaCustoPreview.php
D:\Contrato\views\PlanilhaCustoView.php
D:\Contrato\views\PropostaAdd.php
D:\Contrato\views\PropostaDelete.php
D:\Contrato\views\PropostaEdit.php
D:\Contrato\views\PropostaList.php
D:\Contrato\views\PropostaMaster.php
D:\Contrato\views\PropostaView.php
D:\Contrato\views\RelComunicadoInternoSummary.php
D:\Contrato\views\RelContratosSummary.php
D:\Contrato\views\RelCrossEfetivoPrevistoCrosstab.php
D:\Contrato\views\RelCrossPropostaCrosstab.php
D:\Contrato\views\RelInsumoPropostaSummary.php
D:\Contrato\views\RelOrcamentoMensalSummary.php
D:\Contrato\views\RelPlanilhaCustoSummary.php
D:\Contrato\views\RelTesteSummary.php
D:\Contrato\views\RelViewContratoVrAtualizadoSummary.php
D:\Contrato\views\RelViewLucroPrejuizoSummary.php
D:\Contrato\views\RelViewRelCargoCustoIndvSummary.php
D:\Contrato\views\RelViewRelInsumosContratosSummary.php
D:\Contrato\views\RelViewUnformePlaCustoSummary.php
D:\Contrato\views\TipoInsumoAdd.php
D:\Contrato\views\TipoInsumoDelete.php
D:\Contrato\views\TipoInsumoEdit.php
D:\Contrato\views\TipoInsumoList.php
D:\Contrato\views\TipoInsumoView.php
D:\Contrato\views\TipoIntrajornadaAdd.php
D:\Contrato\views\TipoIntrajornadaDelete.php
D:\Contrato\views\TipoIntrajornadaEdit.php
D:\Contrato\views\TipoIntrajornadaList.php
D:\Contrato\views\TipoIntrajornadaView.php
D:\Contrato\views\TipoUniformeAdd.php
D:\Contrato\views\TipoUniformeDelete.php
D:\Contrato\views\TipoUniformeEdit.php
D:\Contrato\views\TipoUniformeList.php
D:\Contrato\views\TipoUniformeMaster.php
D:\Contrato\views\TipoUniformeView.php
D:\Contrato\views\UniformeAdd.php
D:\Contrato\views\UniformeCargoAdd.php
D:\Contrato\views\UniformeCargoDelete.php
D:\Contrato\views\UniformeCargoEdit.php
D:\Contrato\views\UniformeCargoGrid.php
D:\Contrato\views\UniformeCargoList.php
D:\Contrato\views\UniformeCargoPreview.php
D:\Contrato\views\UniformeCargoView.php
D:\Contrato\views\UniformeEdit.php
D:\Contrato\views\UniformeList.php
D:\Contrato\views\UserlevelpermissionsAdd.php
D:\Contrato\views\UserlevelpermissionsDelete.php
D:\Contrato\views\UserlevelpermissionsEdit.php
D:\Contrato\views\UserlevelpermissionsList.php
D:\Contrato\views\UserlevelpermissionsView.php
D:\Contrato\views\UserlevelsAdd.php
D:\Contrato\views\UserlevelsDelete.php
D:\Contrato\views\UserlevelsEdit.php
D:\Contrato\views\UserlevelsList.php
D:\Contrato\views\UserlevelsView.php
D:\Contrato\views\Userpriv.php
D:\Contrato\views\UsuarioAdd.php
D:\Contrato\views\UsuarioDelete.php
D:\Contrato\views\UsuarioEdit.php
D:\Contrato\views\UsuarioList.php
D:\Contrato\views\UsuarioView.php
D:\Contrato\views\ViewComunicadoInternoList.php
D:\Contrato\views\ViewContratoValorAtualizadoList.php
D:\Contrato\views\ViewContratosList.php
D:\Contrato\views\ViewCustoSalarioList.php
D:\Contrato\views\ViewEfetivoPrevistoList.php
D:\Contrato\views\ViewExportPrevistoList.php
D:\Contrato\views\ViewInsumoPropostaConsolidadoList.php
D:\Contrato\views\ViewInsumoPropostaDetalhadaList.php
D:\Contrato\views\ViewLucroPrejuizoContratosList.php
D:\Contrato\views\ViewMovPlaCustoModulosList.php
D:\Contrato\views\ViewRelCargoCustoIndvList.php
D:\Contrato\views\ViewRelInsumosContratosList.php
D:\Contrato\views\ViewRelPlanilhaCustoList.php
D:\Contrato\views\ViewUniformeCargoConsolidadoList.php
D:\Contrato\views\ViewUniformeCargoDetalhadaList.php
D:\Contrato\views\ViewUniformeCargoPlaCustoList.php
D:\Contrato\views\email.php
D:\Contrato\views\layout.php
D:\Contrato\views\menu.php
D:\Contrato\views\swagger.php
D:\Contrato\web.config